<?xml version="1.0" encoding="UTF-8"?>
<testng-results skipped="0" failed="0" ignored="0" total="1" passed="1">
  <reporter-output>
  </reporter-output>
  <suite name="Default suite" duration-ms="9114" started-at="2020-07-24T18:25:54 IST" finished-at="2020-07-24T18:26:03 IST">
    <groups>
    </groups>
    <test name="Default test" duration-ms="9114" started-at="2020-07-24T18:25:54 IST" finished-at="2020-07-24T18:26:03 IST">
      <class name="FirstScript">
        <test-method status="PASS" signature="launchBrowser()[pri:0, instance:FirstScript@2b546384]" name="launchBrowser" duration-ms="8939" started-at="2020-07-24T18:25:54 IST" finished-at="2020-07-24T18:26:03 IST">
          <reporter-output>
          </reporter-output>
        </test-method> <!-- launchBrowser -->
      </class> <!-- FirstScript -->
    </test> <!-- Default test -->
  </suite> <!-- Default suite -->
</testng-results>
